Symbol range map extraction starting
Processing 7 files
startProcessing "com/sachinreddy/GeometricAcoustics/GAFMLLoadingPlugin.java" md5: a4f824add5da1f494aa4a8c3ce0582c5
Cache Hit!
endProcessing "com/sachinreddy/GeometricAcoustics/GAFMLLoadingPlugin.java"

startProcessing "com/sachinreddy/GeometricAcoustics/GeometricAcoustics.java" md5: 265f4014d4668e4c9462dc791bab5e9b
Cache Hit!
endProcessing "com/sachinreddy/GeometricAcoustics/GeometricAcoustics.java"

startProcessing "com/sachinreddy/GeometricAcoustics/GeometricAcousticsCore.java" md5: 09ec27949de94303fefb6672d5de0840
Cache Hit!
endProcessing "com/sachinreddy/GeometricAcoustics/GeometricAcousticsCore.java"

startProcessing "com/sachinreddy/GeometricAcoustics/ReverbParameters.java" md5: 18375376839eb8ea71e616a790bcfbb7
endProcessing "com/sachinreddy/GeometricAcoustics/ReverbParameters.java"

startProcessing "com/sachinreddy/proxy/ClientProxy.java" md5: 4cba42e944ca9318197b7e8a7e0a4bab
Cache Hit!
endProcessing "com/sachinreddy/proxy/ClientProxy.java"

startProcessing "com/sachinreddy/proxy/CommonProxy.java" md5: 95c42996cf90948f034e7f4426ed2e64
Cache Hit!
endProcessing "com/sachinreddy/proxy/CommonProxy.java"

startProcessing "com/sachinreddy/proxy/ServerProxy.java" md5: 8d081ce0d8d6ae81e3e974b31f1b7313
Cache Hit!
endProcessing "com/sachinreddy/proxy/ServerProxy.java"

