[12:05:00] [main/INFO] [GradleStart]: Extra: []
[12:05:00] [main/INFO] [GradleStart]: Running with arguments: [--userProperties, {}, --accessToken{REDACTED}, --assetIndex, 1.11, --assetsDir, /Users/sachinreddy/.gradle/caches/minecraft/assets, --version, 1.11, --tweakClass, net.minecraftforge.fml.common.launcher.FMLTweaker, --tweakClass, net.minecraftforge.gradle.tweakers.CoremodTweaker]
[12:05:00] [main/INFO] [LaunchWrapper]: Loading tweak class name net.minecraftforge.fml.common.launcher.FMLTweaker
[12:05:00] [main/INFO] [LaunchWrapper]: Using primary tweak class name net.minecraftforge.fml.common.launcher.FMLTweaker
[12:05:00] [main/INFO] [LaunchWrapper]: Loading tweak class name net.minecraftforge.gradle.tweakers.CoremodTweaker
[12:05:00] [main/INFO] [LaunchWrapper]: Calling tweak class net.minecraftforge.fml.common.launcher.FMLTweaker
[12:08:25] [main/INFO] [GradleStart]: Extra: []
[12:08:25] [main/INFO] [GradleStart]: Running with arguments: [--userProperties, {}, --accessToken{REDACTED}, --assetIndex, 1.11, --assetsDir, /Users/sachinreddy/.gradle/caches/minecraft/assets, --version, 1.11, --tweakClass, net.minecraftforge.fml.common.launcher.FMLTweaker, --tweakClass, net.minecraftforge.gradle.tweakers.CoremodTweaker]
[12:08:25] [main/INFO] [LaunchWrapper]: Loading tweak class name net.minecraftforge.fml.common.launcher.FMLTweaker
[12:08:25] [main/INFO] [LaunchWrapper]: Using primary tweak class name net.minecraftforge.fml.common.launcher.FMLTweaker
[12:08:25] [main/INFO] [LaunchWrapper]: Loading tweak class name net.minecraftforge.gradle.tweakers.CoremodTweaker
[12:08:25] [main/INFO] [LaunchWrapper]: Calling tweak class net.minecraftforge.fml.common.launcher.FMLTweaker
[12:09:36] [main/INFO] [GradleStart]: Extra: []
[12:09:36] [main/INFO] [GradleStart]: Running with arguments: [--userProperties, {}, --accessToken{REDACTED}, --assetIndex, 1.11, --assetsDir, /Users/sachinreddy/.gradle/caches/minecraft/assets, --version, 1.11, --tweakClass, net.minecraftforge.fml.common.launcher.FMLTweaker, --tweakClass, net.minecraftforge.gradle.tweakers.CoremodTweaker]
[12:09:36] [main/INFO] [LaunchWrapper]: Loading tweak class name net.minecraftforge.fml.common.launcher.FMLTweaker
[12:09:36] [main/INFO] [LaunchWrapper]: Using primary tweak class name net.minecraftforge.fml.common.launcher.FMLTweaker
[12:09:36] [main/INFO] [LaunchWrapper]: Loading tweak class name net.minecraftforge.gradle.tweakers.CoremodTweaker
[12:09:36] [main/INFO] [LaunchWrapper]: Calling tweak class net.minecraftforge.fml.common.launcher.FMLTweaker
[12:20:35] [main/INFO] [GradleStart]: Extra: []
[12:20:35] [main/INFO] [GradleStart]: Running with arguments: [--userProperties, {}, --accessToken{REDACTED}, --assetIndex, 1.11, --assetsDir, /Users/sachinreddy/.gradle/caches/minecraft/assets, --version, 1.11, --tweakClass, net.minecraftforge.fml.common.launcher.FMLTweaker, --tweakClass, net.minecraftforge.gradle.tweakers.CoremodTweaker]
[12:20:35] [main/INFO] [LaunchWrapper]: Loading tweak class name net.minecraftforge.fml.common.launcher.FMLTweaker
[12:20:35] [main/INFO] [LaunchWrapper]: Using primary tweak class name net.minecraftforge.fml.common.launcher.FMLTweaker
[12:20:35] [main/INFO] [LaunchWrapper]: Loading tweak class name net.minecraftforge.gradle.tweakers.CoremodTweaker
[12:20:35] [main/INFO] [LaunchWrapper]: Calling tweak class net.minecraftforge.fml.common.launcher.FMLTweaker
[15:16:36] [main/INFO] [GradleStart]: Extra: []
[15:16:36] [main/INFO] [GradleStart]: Running with arguments: [--userProperties, {}, --accessToken{REDACTED}, --assetIndex, 1.11, --assetsDir, /Users/sachinreddy/.gradle/caches/minecraft/assets, --version, 1.11, --tweakClass, net.minecraftforge.fml.common.launcher.FMLTweaker, --tweakClass, net.minecraftforge.gradle.tweakers.CoremodTweaker]
[15:16:36] [main/INFO] [LaunchWrapper]: Loading tweak class name net.minecraftforge.fml.common.launcher.FMLTweaker
[15:16:36] [main/INFO] [LaunchWrapper]: Using primary tweak class name net.minecraftforge.fml.common.launcher.FMLTweaker
[15:16:36] [main/INFO] [LaunchWrapper]: Loading tweak class name net.minecraftforge.gradle.tweakers.CoremodTweaker
[15:16:36] [main/INFO] [LaunchWrapper]: Calling tweak class net.minecraftforge.fml.common.launcher.FMLTweaker
[15:20:16] [main/INFO] [GradleStart]: Extra: []
[15:20:16] [main/INFO] [GradleStart]: Running with arguments: [--userProperties, {}, --accessToken{REDACTED}, --assetIndex, 1.11, --assetsDir, /Users/sachinreddy/.gradle/caches/minecraft/assets, --version, 1.11, --tweakClass, net.minecraftforge.fml.common.launcher.FMLTweaker, --tweakClass, net.minecraftforge.gradle.tweakers.CoremodTweaker]
[15:20:16] [main/INFO] [LaunchWrapper]: Loading tweak class name net.minecraftforge.fml.common.launcher.FMLTweaker
[15:20:16] [main/INFO] [LaunchWrapper]: Using primary tweak class name net.minecraftforge.fml.common.launcher.FMLTweaker
[15:20:16] [main/INFO] [LaunchWrapper]: Loading tweak class name net.minecraftforge.gradle.tweakers.CoremodTweaker
[15:20:16] [main/INFO] [LaunchWrapper]: Calling tweak class net.minecraftforge.fml.common.launcher.FMLTweaker
[15:23:03] [main/INFO] [GradleStart]: Extra: []
[15:23:03] [main/INFO] [GradleStart]: Running with arguments: [--userProperties, {}, --accessToken{REDACTED}, --assetIndex, 1.11, --assetsDir, /Users/sachinreddy/.gradle/caches/minecraft/assets, --version, 1.11, --tweakClass, net.minecraftforge.fml.common.launcher.FMLTweaker, --tweakClass, net.minecraftforge.gradle.tweakers.CoremodTweaker]
[15:23:03] [main/INFO] [LaunchWrapper]: Loading tweak class name net.minecraftforge.fml.common.launcher.FMLTweaker
[15:23:03] [main/INFO] [LaunchWrapper]: Using primary tweak class name net.minecraftforge.fml.common.launcher.FMLTweaker
[15:23:03] [main/INFO] [LaunchWrapper]: Loading tweak class name net.minecraftforge.gradle.tweakers.CoremodTweaker
[15:23:03] [main/INFO] [LaunchWrapper]: Calling tweak class net.minecraftforge.fml.common.launcher.FMLTweaker
[15:24:10] [main/INFO] [GradleStart]: Extra: []
[15:24:10] [main/INFO] [GradleStart]: Running with arguments: [--userProperties, {}, --accessToken{REDACTED}, --assetIndex, 1.11, --assetsDir, /Users/sachinreddy/.gradle/caches/minecraft/assets, --version, 1.11, --tweakClass, net.minecraftforge.fml.common.launcher.FMLTweaker, --tweakClass, net.minecraftforge.gradle.tweakers.CoremodTweaker]
[15:24:11] [main/INFO] [LaunchWrapper]: Loading tweak class name net.minecraftforge.fml.common.launcher.FMLTweaker
[15:24:11] [main/INFO] [LaunchWrapper]: Using primary tweak class name net.minecraftforge.fml.common.launcher.FMLTweaker
[15:24:11] [main/INFO] [LaunchWrapper]: Loading tweak class name net.minecraftforge.gradle.tweakers.CoremodTweaker
[15:24:11] [main/INFO] [LaunchWrapper]: Calling tweak class net.minecraftforge.fml.common.launcher.FMLTweaker
[15:29:27] [main/INFO] [GradleStart]: Extra: []
[15:29:27] [main/INFO] [GradleStart]: Running with arguments: [--userProperties, {}, --accessToken{REDACTED}, --assetIndex, 1.11, --assetsDir, /Users/sachinreddy/.gradle/caches/minecraft/assets, --version, 1.11, --tweakClass, net.minecraftforge.fml.common.launcher.FMLTweaker, --tweakClass, net.minecraftforge.gradle.tweakers.CoremodTweaker]
[15:29:27] [main/INFO] [LaunchWrapper]: Loading tweak class name net.minecraftforge.fml.common.launcher.FMLTweaker
[15:29:27] [main/INFO] [LaunchWrapper]: Using primary tweak class name net.minecraftforge.fml.common.launcher.FMLTweaker
[15:29:27] [main/INFO] [LaunchWrapper]: Loading tweak class name net.minecraftforge.gradle.tweakers.CoremodTweaker
[15:29:27] [main/INFO] [LaunchWrapper]: Calling tweak class net.minecraftforge.fml.common.launcher.FMLTweaker
[09:23:33] [main/INFO] [GradleStart]: Extra: []
[09:23:33] [main/INFO] [GradleStart]: Running with arguments: [--userProperties, {}, --accessToken{REDACTED}, --assetIndex, 1.11, --assetsDir, /Users/sachinreddy/.gradle/caches/minecraft/assets, --version, 1.11, --tweakClass, net.minecraftforge.fml.common.launcher.FMLTweaker, --tweakClass, net.minecraftforge.gradle.tweakers.CoremodTweaker]
[09:23:33] [main/INFO] [LaunchWrapper]: Loading tweak class name net.minecraftforge.fml.common.launcher.FMLTweaker
[09:23:33] [main/INFO] [LaunchWrapper]: Using primary tweak class name net.minecraftforge.fml.common.launcher.FMLTweaker
[09:23:33] [main/INFO] [LaunchWrapper]: Loading tweak class name net.minecraftforge.gradle.tweakers.CoremodTweaker
[09:23:33] [main/INFO] [LaunchWrapper]: Calling tweak class net.minecraftforge.fml.common.launcher.FMLTweaker
[09:27:20] [main/INFO] [GradleStart]: Extra: []
[09:27:20] [main/INFO] [GradleStart]: Running with arguments: [--userProperties, {}, --accessToken{REDACTED}, --assetIndex, 1.11, --assetsDir, /Users/sachinreddy/.gradle/caches/minecraft/assets, --version, 1.11, --tweakClass, net.minecraftforge.fml.common.launcher.FMLTweaker, --tweakClass, net.minecraftforge.gradle.tweakers.CoremodTweaker]
[09:27:20] [main/INFO] [LaunchWrapper]: Loading tweak class name net.minecraftforge.fml.common.launcher.FMLTweaker
[09:27:20] [main/INFO] [LaunchWrapper]: Using primary tweak class name net.minecraftforge.fml.common.launcher.FMLTweaker
[09:27:20] [main/INFO] [LaunchWrapper]: Loading tweak class name net.minecraftforge.gradle.tweakers.CoremodTweaker
[09:27:20] [main/INFO] [LaunchWrapper]: Calling tweak class net.minecraftforge.fml.common.launcher.FMLTweaker
[09:30:42] [main/INFO] [GradleStart]: Extra: []
[09:30:42] [main/INFO] [GradleStart]: Running with arguments: [--userProperties, {}, --accessToken{REDACTED}, --assetIndex, 1.11, --assetsDir, /Users/sachinreddy/.gradle/caches/minecraft/assets, --version, 1.11, --tweakClass, net.minecraftforge.fml.common.launcher.FMLTweaker, --tweakClass, net.minecraftforge.gradle.tweakers.CoremodTweaker]
[09:30:42] [main/INFO] [LaunchWrapper]: Loading tweak class name net.minecraftforge.fml.common.launcher.FMLTweaker
[09:30:42] [main/INFO] [LaunchWrapper]: Using primary tweak class name net.minecraftforge.fml.common.launcher.FMLTweaker
[09:30:42] [main/INFO] [LaunchWrapper]: Loading tweak class name net.minecraftforge.gradle.tweakers.CoremodTweaker
[09:30:42] [main/INFO] [LaunchWrapper]: Calling tweak class net.minecraftforge.fml.common.launcher.FMLTweaker
[09:32:55] [main/INFO] [GradleStart]: Extra: []
[09:32:55] [main/INFO] [GradleStart]: Running with arguments: [--userProperties, {}, --accessToken{REDACTED}, --assetIndex, 1.11, --assetsDir, /Users/sachinreddy/.gradle/caches/minecraft/assets, --version, 1.11, --tweakClass, net.minecraftforge.fml.common.launcher.FMLTweaker, --tweakClass, net.minecraftforge.gradle.tweakers.CoremodTweaker]
[09:32:55] [main/INFO] [LaunchWrapper]: Loading tweak class name net.minecraftforge.fml.common.launcher.FMLTweaker
[09:32:55] [main/INFO] [LaunchWrapper]: Using primary tweak class name net.minecraftforge.fml.common.launcher.FMLTweaker
[09:32:55] [main/INFO] [LaunchWrapper]: Loading tweak class name net.minecraftforge.gradle.tweakers.CoremodTweaker
[09:32:55] [main/INFO] [LaunchWrapper]: Calling tweak class net.minecraftforge.fml.common.launcher.FMLTweaker
[11:13:43] [main/INFO] [GradleStart]: Extra: []
[11:13:43] [main/INFO] [GradleStart]: Running with arguments: [--userProperties, {}, --accessToken{REDACTED}, --assetIndex, 1.11, --assetsDir, /Users/sachinreddy/.gradle/caches/minecraft/assets, --version, 1.11, --tweakClass, net.minecraftforge.fml.common.launcher.FMLTweaker, --tweakClass, net.minecraftforge.gradle.tweakers.CoremodTweaker]
[11:13:43] [main/INFO] [LaunchWrapper]: Loading tweak class name net.minecraftforge.fml.common.launcher.FMLTweaker
[11:13:43] [main/INFO] [LaunchWrapper]: Using primary tweak class name net.minecraftforge.fml.common.launcher.FMLTweaker
[11:13:43] [main/INFO] [LaunchWrapper]: Loading tweak class name net.minecraftforge.gradle.tweakers.CoremodTweaker
[11:13:43] [main/INFO] [LaunchWrapper]: Calling tweak class net.minecraftforge.fml.common.launcher.FMLTweaker
[12:35:03] [main/INFO] [GradleStart]: Extra: []
[12:35:03] [main/INFO] [GradleStart]: Running with arguments: [--userProperties, {}, --accessToken{REDACTED}, --assetIndex, 1.11, --assetsDir, /Users/sachinreddy/.gradle/caches/minecraft/assets, --version, 1.11, --tweakClass, net.minecraftforge.fml.common.launcher.FMLTweaker, --tweakClass, net.minecraftforge.gradle.tweakers.CoremodTweaker]
[12:35:03] [main/INFO] [LaunchWrapper]: Loading tweak class name net.minecraftforge.fml.common.launcher.FMLTweaker
[12:35:03] [main/INFO] [LaunchWrapper]: Using primary tweak class name net.minecraftforge.fml.common.launcher.FMLTweaker
[12:35:03] [main/INFO] [LaunchWrapper]: Loading tweak class name net.minecraftforge.gradle.tweakers.CoremodTweaker
[12:35:03] [main/INFO] [LaunchWrapper]: Calling tweak class net.minecraftforge.fml.common.launcher.FMLTweaker
[12:36:26] [main/INFO] [GradleStart]: Extra: []
[12:36:26] [main/INFO] [GradleStart]: Running with arguments: [--userProperties, {}, --accessToken{REDACTED}, --assetIndex, 1.11, --assetsDir, /Users/sachinreddy/.gradle/caches/minecraft/assets, --version, 1.11, --tweakClass, net.minecraftforge.fml.common.launcher.FMLTweaker, --tweakClass, net.minecraftforge.gradle.tweakers.CoremodTweaker]
[12:36:26] [main/INFO] [LaunchWrapper]: Loading tweak class name net.minecraftforge.fml.common.launcher.FMLTweaker
[12:36:26] [main/INFO] [LaunchWrapper]: Using primary tweak class name net.minecraftforge.fml.common.launcher.FMLTweaker
[12:36:26] [main/INFO] [LaunchWrapper]: Loading tweak class name net.minecraftforge.gradle.tweakers.CoremodTweaker
[12:36:26] [main/INFO] [LaunchWrapper]: Calling tweak class net.minecraftforge.fml.common.launcher.FMLTweaker
[12:59:25] [main/INFO] [GradleStart]: Extra: []
[12:59:25] [main/INFO] [GradleStart]: Running with arguments: [--userProperties, {}, --accessToken{REDACTED}, --assetIndex, 1.11, --assetsDir, /Users/sachinreddy/.gradle/caches/minecraft/assets, --version, 1.11, --tweakClass, net.minecraftforge.fml.common.launcher.FMLTweaker, --tweakClass, net.minecraftforge.gradle.tweakers.CoremodTweaker]
[12:59:25] [main/INFO] [LaunchWrapper]: Loading tweak class name net.minecraftforge.fml.common.launcher.FMLTweaker
[12:59:25] [main/INFO] [LaunchWrapper]: Using primary tweak class name net.minecraftforge.fml.common.launcher.FMLTweaker
[12:59:25] [main/INFO] [LaunchWrapper]: Loading tweak class name net.minecraftforge.gradle.tweakers.CoremodTweaker
[12:59:25] [main/INFO] [LaunchWrapper]: Calling tweak class net.minecraftforge.fml.common.launcher.FMLTweaker
[20:20:10] [main/INFO] [GradleStart]: Extra: []
[20:20:10] [main/INFO] [GradleStart]: Running with arguments: [--userProperties, {}, --accessToken{REDACTED}, --assetIndex, 1.11, --assetsDir, /Users/sachinreddy/.gradle/caches/minecraft/assets, --version, 1.11, --tweakClass, net.minecraftforge.fml.common.launcher.FMLTweaker, --tweakClass, net.minecraftforge.gradle.tweakers.CoremodTweaker]
[20:20:10] [main/INFO] [LaunchWrapper]: Loading tweak class name net.minecraftforge.fml.common.launcher.FMLTweaker
[20:20:10] [main/INFO] [LaunchWrapper]: Using primary tweak class name net.minecraftforge.fml.common.launcher.FMLTweaker
[20:20:10] [main/INFO] [LaunchWrapper]: Loading tweak class name net.minecraftforge.gradle.tweakers.CoremodTweaker
[20:20:10] [main/INFO] [LaunchWrapper]: Calling tweak class net.minecraftforge.fml.common.launcher.FMLTweaker
[20:22:46] [main/INFO] [GradleStart]: Extra: []
[20:22:46] [main/INFO] [GradleStart]: Running with arguments: [--userProperties, {}, --accessToken{REDACTED}, --assetIndex, 1.11, --assetsDir, /Users/sachinreddy/.gradle/caches/minecraft/assets, --version, 1.11, --tweakClass, net.minecraftforge.fml.common.launcher.FMLTweaker, --tweakClass, net.minecraftforge.gradle.tweakers.CoremodTweaker]
[20:22:46] [main/INFO] [LaunchWrapper]: Loading tweak class name net.minecraftforge.fml.common.launcher.FMLTweaker
[20:22:46] [main/INFO] [LaunchWrapper]: Using primary tweak class name net.minecraftforge.fml.common.launcher.FMLTweaker
[20:22:46] [main/INFO] [LaunchWrapper]: Loading tweak class name net.minecraftforge.gradle.tweakers.CoremodTweaker
[20:22:46] [main/INFO] [LaunchWrapper]: Calling tweak class net.minecraftforge.fml.common.launcher.FMLTweaker
[20:24:50] [main/INFO] [GradleStart]: Extra: []
[20:24:50] [main/INFO] [GradleStart]: Running with arguments: [--userProperties, {}, --accessToken{REDACTED}, --assetIndex, 1.11, --assetsDir, /Users/sachinreddy/.gradle/caches/minecraft/assets, --version, 1.11, --tweakClass, net.minecraftforge.fml.common.launcher.FMLTweaker, --tweakClass, net.minecraftforge.gradle.tweakers.CoremodTweaker]
[20:24:51] [main/INFO] [LaunchWrapper]: Loading tweak class name net.minecraftforge.fml.common.launcher.FMLTweaker
[20:24:51] [main/INFO] [LaunchWrapper]: Using primary tweak class name net.minecraftforge.fml.common.launcher.FMLTweaker
[20:24:51] [main/INFO] [LaunchWrapper]: Loading tweak class name net.minecraftforge.gradle.tweakers.CoremodTweaker
[20:24:51] [main/INFO] [LaunchWrapper]: Calling tweak class net.minecraftforge.fml.common.launcher.FMLTweaker
[20:28:40] [main/INFO] [GradleStart]: Extra: []
[20:28:40] [main/INFO] [GradleStart]: Running with arguments: [--userProperties, {}, --accessToken{REDACTED}, --assetIndex, 1.11, --assetsDir, /Users/sachinreddy/.gradle/caches/minecraft/assets, --version, 1.11, --tweakClass, net.minecraftforge.fml.common.launcher.FMLTweaker, --tweakClass, net.minecraftforge.gradle.tweakers.CoremodTweaker]
[20:28:40] [main/INFO] [LaunchWrapper]: Loading tweak class name net.minecraftforge.fml.common.launcher.FMLTweaker
[20:28:40] [main/INFO] [LaunchWrapper]: Using primary tweak class name net.minecraftforge.fml.common.launcher.FMLTweaker
[20:28:40] [main/INFO] [LaunchWrapper]: Loading tweak class name net.minecraftforge.gradle.tweakers.CoremodTweaker
[20:28:40] [main/INFO] [LaunchWrapper]: Calling tweak class net.minecraftforge.fml.common.launcher.FMLTweaker
[09:44:00] [main/INFO] [GradleStart]: Extra: []
[09:44:00] [main/INFO] [GradleStart]: Running with arguments: [--userProperties, {}, --accessToken{REDACTED}, --assetIndex, 1.11, --assetsDir, /Users/sachinreddy/.gradle/caches/minecraft/assets, --version, 1.11, --tweakClass, net.minecraftforge.fml.common.launcher.FMLTweaker, --tweakClass, net.minecraftforge.gradle.tweakers.CoremodTweaker]
[09:44:00] [main/INFO] [LaunchWrapper]: Loading tweak class name net.minecraftforge.fml.common.launcher.FMLTweaker
[09:44:00] [main/INFO] [LaunchWrapper]: Using primary tweak class name net.minecraftforge.fml.common.launcher.FMLTweaker
[09:44:00] [main/INFO] [LaunchWrapper]: Loading tweak class name net.minecraftforge.gradle.tweakers.CoremodTweaker
[09:44:00] [main/INFO] [LaunchWrapper]: Calling tweak class net.minecraftforge.fml.common.launcher.FMLTweaker
[10:04:14] [main/INFO] [GradleStart]: Extra: []
[10:04:14] [main/INFO] [GradleStart]: Running with arguments: [--userProperties, {}, --accessToken{REDACTED}, --assetIndex, 1.11, --assetsDir, /Users/sachinreddy/.gradle/caches/minecraft/assets, --version, 1.11, --tweakClass, net.minecraftforge.fml.common.launcher.FMLTweaker, --tweakClass, net.minecraftforge.gradle.tweakers.CoremodTweaker]
[10:04:14] [main/INFO] [LaunchWrapper]: Loading tweak class name net.minecraftforge.fml.common.launcher.FMLTweaker
[10:04:14] [main/INFO] [LaunchWrapper]: Using primary tweak class name net.minecraftforge.fml.common.launcher.FMLTweaker
[10:04:14] [main/INFO] [LaunchWrapper]: Loading tweak class name net.minecraftforge.gradle.tweakers.CoremodTweaker
[10:04:14] [main/INFO] [LaunchWrapper]: Calling tweak class net.minecraftforge.fml.common.launcher.FMLTweaker
[10:08:32] [main/INFO] [GradleStart]: Extra: []
[10:08:32] [main/INFO] [GradleStart]: Running with arguments: [--userProperties, {}, --accessToken{REDACTED}, --assetIndex, 1.11, --assetsDir, /Users/sachinreddy/.gradle/caches/minecraft/assets, --version, 1.11, --tweakClass, net.minecraftforge.fml.common.launcher.FMLTweaker, --tweakClass, net.minecraftforge.gradle.tweakers.CoremodTweaker]
[10:08:32] [main/INFO] [LaunchWrapper]: Loading tweak class name net.minecraftforge.fml.common.launcher.FMLTweaker
[10:08:32] [main/INFO] [LaunchWrapper]: Using primary tweak class name net.minecraftforge.fml.common.launcher.FMLTweaker
[10:08:32] [main/INFO] [LaunchWrapper]: Loading tweak class name net.minecraftforge.gradle.tweakers.CoremodTweaker
[10:08:32] [main/INFO] [LaunchWrapper]: Calling tweak class net.minecraftforge.fml.common.launcher.FMLTweaker
[10:40:20] [main/INFO] [GradleStart]: Extra: []
[10:40:20] [main/INFO] [GradleStart]: Running with arguments: [--userProperties, {}, --accessToken{REDACTED}, --assetIndex, 1.11, --assetsDir, /Users/sachinreddy/.gradle/caches/minecraft/assets, --version, 1.11, --tweakClass, net.minecraftforge.fml.common.launcher.FMLTweaker, --tweakClass, net.minecraftforge.gradle.tweakers.CoremodTweaker]
[10:40:20] [main/INFO] [LaunchWrapper]: Loading tweak class name net.minecraftforge.fml.common.launcher.FMLTweaker
[10:40:20] [main/INFO] [LaunchWrapper]: Using primary tweak class name net.minecraftforge.fml.common.launcher.FMLTweaker
[10:40:20] [main/INFO] [LaunchWrapper]: Loading tweak class name net.minecraftforge.gradle.tweakers.CoremodTweaker
[10:40:20] [main/INFO] [LaunchWrapper]: Calling tweak class net.minecraftforge.fml.common.launcher.FMLTweaker
[10:45:04] [main/INFO] [GradleStart]: Extra: []
[10:45:04] [main/INFO] [GradleStart]: Running with arguments: [--userProperties, {}, --accessToken{REDACTED}, --assetIndex, 1.11, --assetsDir, /Users/sachinreddy/.gradle/caches/minecraft/assets, --version, 1.11, --tweakClass, net.minecraftforge.fml.common.launcher.FMLTweaker, --tweakClass, net.minecraftforge.gradle.tweakers.CoremodTweaker]
[10:45:04] [main/INFO] [LaunchWrapper]: Loading tweak class name net.minecraftforge.fml.common.launcher.FMLTweaker
[10:45:04] [main/INFO] [LaunchWrapper]: Using primary tweak class name net.minecraftforge.fml.common.launcher.FMLTweaker
[10:45:04] [main/INFO] [LaunchWrapper]: Loading tweak class name net.minecraftforge.gradle.tweakers.CoremodTweaker
[10:45:04] [main/INFO] [LaunchWrapper]: Calling tweak class net.minecraftforge.fml.common.launcher.FMLTweaker
[18:38:10] [main/INFO] [GradleStart]: Extra: []
[18:38:10] [main/INFO] [GradleStart]: Running with arguments: [--userProperties, {}, --accessToken{REDACTED}, --assetIndex, 1.11, --assetsDir, /Users/sachinreddy/.gradle/caches/minecraft/assets, --version, 1.11, --tweakClass, net.minecraftforge.fml.common.launcher.FMLTweaker, --tweakClass, net.minecraftforge.gradle.tweakers.CoremodTweaker]
[18:38:10] [main/INFO] [LaunchWrapper]: Loading tweak class name net.minecraftforge.fml.common.launcher.FMLTweaker
[18:38:10] [main/INFO] [LaunchWrapper]: Using primary tweak class name net.minecraftforge.fml.common.launcher.FMLTweaker
[18:38:10] [main/INFO] [LaunchWrapper]: Loading tweak class name net.minecraftforge.gradle.tweakers.CoremodTweaker
[18:38:10] [main/INFO] [LaunchWrapper]: Calling tweak class net.minecraftforge.fml.common.launcher.FMLTweaker
[14:57:43] [main/INFO] [GradleStart]: Extra: []
[14:57:43] [main/INFO] [GradleStart]: Running with arguments: [--userProperties, {}, --accessToken{REDACTED}, --assetIndex, 1.11, --assetsDir, /Users/sachinreddy/.gradle/caches/minecraft/assets, --version, 1.11, --tweakClass, net.minecraftforge.fml.common.launcher.FMLTweaker, --tweakClass, net.minecraftforge.gradle.tweakers.CoremodTweaker]
[14:57:43] [main/INFO] [LaunchWrapper]: Loading tweak class name net.minecraftforge.fml.common.launcher.FMLTweaker
[14:57:43] [main/INFO] [LaunchWrapper]: Using primary tweak class name net.minecraftforge.fml.common.launcher.FMLTweaker
[14:57:43] [main/INFO] [LaunchWrapper]: Loading tweak class name net.minecraftforge.gradle.tweakers.CoremodTweaker
[14:57:43] [main/INFO] [LaunchWrapper]: Calling tweak class net.minecraftforge.fml.common.launcher.FMLTweaker
[15:00:35] [main/INFO] [GradleStart]: Extra: []
[15:00:35] [main/INFO] [GradleStart]: Running with arguments: [--userProperties, {}, --accessToken{REDACTED}, --assetIndex, 1.11, --assetsDir, /Users/sachinreddy/.gradle/caches/minecraft/assets, --version, 1.11, --tweakClass, net.minecraftforge.fml.common.launcher.FMLTweaker, --tweakClass, net.minecraftforge.gradle.tweakers.CoremodTweaker]
[15:00:35] [main/INFO] [LaunchWrapper]: Loading tweak class name net.minecraftforge.fml.common.launcher.FMLTweaker
[15:00:35] [main/INFO] [LaunchWrapper]: Using primary tweak class name net.minecraftforge.fml.common.launcher.FMLTweaker
[15:00:35] [main/INFO] [LaunchWrapper]: Loading tweak class name net.minecraftforge.gradle.tweakers.CoremodTweaker
[15:00:35] [main/INFO] [LaunchWrapper]: Calling tweak class net.minecraftforge.fml.common.launcher.FMLTweaker
[15:31:51] [main/INFO] [GradleStart]: Extra: []
[15:31:51] [main/INFO] [GradleStart]: Running with arguments: [--userProperties, {}, --accessToken{REDACTED}, --assetIndex, 1.11, --assetsDir, /Users/sachinreddy/.gradle/caches/minecraft/assets, --version, 1.11, --tweakClass, net.minecraftforge.fml.common.launcher.FMLTweaker, --tweakClass, net.minecraftforge.gradle.tweakers.CoremodTweaker]
[15:31:51] [main/INFO] [LaunchWrapper]: Loading tweak class name net.minecraftforge.fml.common.launcher.FMLTweaker
[15:31:51] [main/INFO] [LaunchWrapper]: Using primary tweak class name net.minecraftforge.fml.common.launcher.FMLTweaker
[15:31:51] [main/INFO] [LaunchWrapper]: Loading tweak class name net.minecraftforge.gradle.tweakers.CoremodTweaker
[15:31:51] [main/INFO] [LaunchWrapper]: Calling tweak class net.minecraftforge.fml.common.launcher.FMLTweaker
[15:34:14] [main/INFO] [GradleStart]: Extra: []
[15:34:14] [main/INFO] [GradleStart]: Running with arguments: [--userProperties, {}, --accessToken{REDACTED}, --assetIndex, 1.11, --assetsDir, /Users/sachinreddy/.gradle/caches/minecraft/assets, --version, 1.11, --tweakClass, net.minecraftforge.fml.common.launcher.FMLTweaker, --tweakClass, net.minecraftforge.gradle.tweakers.CoremodTweaker]
[15:34:15] [main/INFO] [LaunchWrapper]: Loading tweak class name net.minecraftforge.fml.common.launcher.FMLTweaker
[15:34:15] [main/INFO] [LaunchWrapper]: Using primary tweak class name net.minecraftforge.fml.common.launcher.FMLTweaker
[15:34:15] [main/INFO] [LaunchWrapper]: Loading tweak class name net.minecraftforge.gradle.tweakers.CoremodTweaker
[15:34:15] [main/INFO] [LaunchWrapper]: Calling tweak class net.minecraftforge.fml.common.launcher.FMLTweaker
[15:37:33] [main/INFO] [GradleStart]: Extra: []
[15:37:33] [main/INFO] [GradleStart]: Running with arguments: [--userProperties, {}, --accessToken{REDACTED}, --assetIndex, 1.11, --assetsDir, /Users/sachinreddy/.gradle/caches/minecraft/assets, --version, 1.11, --tweakClass, net.minecraftforge.fml.common.launcher.FMLTweaker, --tweakClass, net.minecraftforge.gradle.tweakers.CoremodTweaker]
[15:37:33] [main/INFO] [LaunchWrapper]: Loading tweak class name net.minecraftforge.fml.common.launcher.FMLTweaker
[15:37:33] [main/INFO] [LaunchWrapper]: Using primary tweak class name net.minecraftforge.fml.common.launcher.FMLTweaker
[15:37:33] [main/INFO] [LaunchWrapper]: Loading tweak class name net.minecraftforge.gradle.tweakers.CoremodTweaker
[15:37:33] [main/INFO] [LaunchWrapper]: Calling tweak class net.minecraftforge.fml.common.launcher.FMLTweaker
[18:36:52] [main/INFO] [GradleStart]: Extra: []
[18:36:52] [main/INFO] [GradleStart]: Running with arguments: [--userProperties, {}, --accessToken{REDACTED}, --assetIndex, 1.11, --assetsDir, /Users/sachinreddy/.gradle/caches/minecraft/assets, --version, 1.11, --tweakClass, net.minecraftforge.fml.common.launcher.FMLTweaker, --tweakClass, net.minecraftforge.gradle.tweakers.CoremodTweaker]
[18:36:52] [main/INFO] [LaunchWrapper]: Loading tweak class name net.minecraftforge.fml.common.launcher.FMLTweaker
[18:36:52] [main/INFO] [LaunchWrapper]: Using primary tweak class name net.minecraftforge.fml.common.launcher.FMLTweaker
[18:36:52] [main/INFO] [LaunchWrapper]: Loading tweak class name net.minecraftforge.gradle.tweakers.CoremodTweaker
[18:36:52] [main/INFO] [LaunchWrapper]: Calling tweak class net.minecraftforge.fml.common.launcher.FMLTweaker
[18:49:20] [main/INFO] [GradleStart]: Extra: []
[18:49:20] [main/INFO] [GradleStart]: Running with arguments: [--userProperties, {}, --accessToken{REDACTED}, --assetIndex, 1.11, --assetsDir, /Users/sachinreddy/.gradle/caches/minecraft/assets, --version, 1.11, --tweakClass, net.minecraftforge.fml.common.launcher.FMLTweaker, --tweakClass, net.minecraftforge.gradle.tweakers.CoremodTweaker]
[18:49:20] [main/INFO] [LaunchWrapper]: Loading tweak class name net.minecraftforge.fml.common.launcher.FMLTweaker
[18:49:20] [main/INFO] [LaunchWrapper]: Using primary tweak class name net.minecraftforge.fml.common.launcher.FMLTweaker
[18:49:20] [main/INFO] [LaunchWrapper]: Loading tweak class name net.minecraftforge.gradle.tweakers.CoremodTweaker
[18:49:20] [main/INFO] [LaunchWrapper]: Calling tweak class net.minecraftforge.fml.common.launcher.FMLTweaker
[18:50:47] [main/INFO] [GradleStart]: Extra: []
[18:50:48] [main/INFO] [GradleStart]: Running with arguments: [--userProperties, {}, --accessToken{REDACTED}, --assetIndex, 1.11, --assetsDir, /Users/sachinreddy/.gradle/caches/minecraft/assets, --version, 1.11, --tweakClass, net.minecraftforge.fml.common.launcher.FMLTweaker, --tweakClass, net.minecraftforge.gradle.tweakers.CoremodTweaker]
[18:50:48] [main/INFO] [LaunchWrapper]: Loading tweak class name net.minecraftforge.fml.common.launcher.FMLTweaker
[18:50:48] [main/INFO] [LaunchWrapper]: Using primary tweak class name net.minecraftforge.fml.common.launcher.FMLTweaker
[18:50:48] [main/INFO] [LaunchWrapper]: Loading tweak class name net.minecraftforge.gradle.tweakers.CoremodTweaker
[18:50:48] [main/INFO] [LaunchWrapper]: Calling tweak class net.minecraftforge.fml.common.launcher.FMLTweaker
[18:52:44] [main/INFO] [GradleStart]: Extra: []
[18:52:44] [main/INFO] [GradleStart]: Running with arguments: [--userProperties, {}, --accessToken{REDACTED}, --assetIndex, 1.11, --assetsDir, /Users/sachinreddy/.gradle/caches/minecraft/assets, --version, 1.11, --tweakClass, net.minecraftforge.fml.common.launcher.FMLTweaker, --tweakClass, net.minecraftforge.gradle.tweakers.CoremodTweaker]
[18:52:44] [main/INFO] [LaunchWrapper]: Loading tweak class name net.minecraftforge.fml.common.launcher.FMLTweaker
[18:52:44] [main/INFO] [LaunchWrapper]: Using primary tweak class name net.minecraftforge.fml.common.launcher.FMLTweaker
[18:52:44] [main/INFO] [LaunchWrapper]: Loading tweak class name net.minecraftforge.gradle.tweakers.CoremodTweaker
[18:52:44] [main/INFO] [LaunchWrapper]: Calling tweak class net.minecraftforge.fml.common.launcher.FMLTweaker
[18:58:16] [main/INFO] [GradleStart]: Extra: []
[18:58:16] [main/INFO] [GradleStart]: Running with arguments: [--userProperties, {}, --accessToken{REDACTED}, --assetIndex, 1.11, --assetsDir, /Users/sachinreddy/.gradle/caches/minecraft/assets, --version, 1.11, --tweakClass, net.minecraftforge.fml.common.launcher.FMLTweaker, --tweakClass, net.minecraftforge.gradle.tweakers.CoremodTweaker]
[18:58:16] [main/INFO] [LaunchWrapper]: Loading tweak class name net.minecraftforge.fml.common.launcher.FMLTweaker
[18:58:16] [main/INFO] [LaunchWrapper]: Using primary tweak class name net.minecraftforge.fml.common.launcher.FMLTweaker
[18:58:16] [main/INFO] [LaunchWrapper]: Loading tweak class name net.minecraftforge.gradle.tweakers.CoremodTweaker
[18:58:16] [main/INFO] [LaunchWrapper]: Calling tweak class net.minecraftforge.fml.common.launcher.FMLTweaker
[19:00:20] [main/INFO] [GradleStart]: Extra: []
[19:00:20] [main/INFO] [GradleStart]: Running with arguments: [--userProperties, {}, --accessToken{REDACTED}, --assetIndex, 1.11, --assetsDir, /Users/sachinreddy/.gradle/caches/minecraft/assets, --version, 1.11, --tweakClass, net.minecraftforge.fml.common.launcher.FMLTweaker, --tweakClass, net.minecraftforge.gradle.tweakers.CoremodTweaker]
[19:00:20] [main/INFO] [LaunchWrapper]: Loading tweak class name net.minecraftforge.fml.common.launcher.FMLTweaker
[19:00:20] [main/INFO] [LaunchWrapper]: Using primary tweak class name net.minecraftforge.fml.common.launcher.FMLTweaker
[19:00:20] [main/INFO] [LaunchWrapper]: Loading tweak class name net.minecraftforge.gradle.tweakers.CoremodTweaker
[19:00:20] [main/INFO] [LaunchWrapper]: Calling tweak class net.minecraftforge.fml.common.launcher.FMLTweaker
[19:03:19] [main/INFO] [GradleStart]: Extra: []
[19:03:20] [main/INFO] [GradleStart]: Running with arguments: [--userProperties, {}, --accessToken{REDACTED}, --assetIndex, 1.11, --assetsDir, /Users/sachinreddy/.gradle/caches/minecraft/assets, --version, 1.11, --tweakClass, net.minecraftforge.fml.common.launcher.FMLTweaker, --tweakClass, net.minecraftforge.gradle.tweakers.CoremodTweaker]
[19:03:20] [main/INFO] [LaunchWrapper]: Loading tweak class name net.minecraftforge.fml.common.launcher.FMLTweaker
[19:03:20] [main/INFO] [LaunchWrapper]: Using primary tweak class name net.minecraftforge.fml.common.launcher.FMLTweaker
[19:03:20] [main/INFO] [LaunchWrapper]: Loading tweak class name net.minecraftforge.gradle.tweakers.CoremodTweaker
[19:03:20] [main/INFO] [LaunchWrapper]: Calling tweak class net.minecraftforge.fml.common.launcher.FMLTweaker
[19:24:42] [main/INFO] [GradleStart]: Extra: []
[19:24:42] [main/INFO] [GradleStart]: Running with arguments: [--userProperties, {}, --accessToken{REDACTED}, --assetIndex, 1.11, --assetsDir, /Users/sachinreddy/.gradle/caches/minecraft/assets, --version, 1.11, --tweakClass, net.minecraftforge.fml.common.launcher.FMLTweaker, --tweakClass, net.minecraftforge.gradle.tweakers.CoremodTweaker]
[19:24:42] [main/INFO] [LaunchWrapper]: Loading tweak class name net.minecraftforge.fml.common.launcher.FMLTweaker
[19:24:42] [main/INFO] [LaunchWrapper]: Using primary tweak class name net.minecraftforge.fml.common.launcher.FMLTweaker
[19:24:42] [main/INFO] [LaunchWrapper]: Loading tweak class name net.minecraftforge.gradle.tweakers.CoremodTweaker
[19:24:42] [main/INFO] [LaunchWrapper]: Calling tweak class net.minecraftforge.fml.common.launcher.FMLTweaker
