[22:25:54] [Client thread/INFO]: Setting user: Player992
[22:25:59] [Client thread/WARN]: Skipping bad option: lastServer:
[22:25:59] [Client thread/INFO]: LWJGL Version: 2.9.2
[22:26:04] [Client thread/INFO]: Reloading ResourceManager: Default, FMLFileResourcePack:Forge Mod Loader, FMLFileResourcePack:Minecraft Forge, FMLFileResourcePack:Geometric Acoustics
[22:26:04] [Client thread/WARN]: ResourcePack: ignored non-lowercase namespace: Geometric-Acoustics-1.11 in /Users/sachinreddy/Documents/Project_Files/MinecraftMods/Geometric-Acoustics-1.11/run/mods/GeometricAcoustics-1.11.jar
[22:26:04] [Client thread/WARN]: ResourcePack: ignored non-lowercase namespace: Geometric-Acoustics-1.11 in /Users/sachinreddy/Documents/Project_Files/MinecraftMods/Geometric-Acoustics-1.11/run/mods/GeometricAcoustics-1.11.jar
[22:26:04] [Client thread/WARN]: ResourcePack: ignored non-lowercase namespace: Geometric-Acoustics-1.11 in /Users/sachinreddy/Documents/Project_Files/MinecraftMods/Geometric-Acoustics-1.11/run/mods/GeometricAcoustics-1.11.jar
[22:26:04] [Client thread/INFO]: [STDOUT]: [PATCHER]: Current Method to Patch: ---> setLastSoundCategory
[22:26:04] [Client thread/INFO]: [STDOUT]: [PATCHER]: Patching Class: net.minecraft.client.audio.SoundManager
[22:26:04] [Client thread/INFO]: [STDOUT]: [PATCHER]: Method Name: <init> | Desc: (Lnet/minecraft/client/audio/SoundHandler;Lnet/minecraft/client/settings/GameSettings;)V
[22:26:04] [Client thread/INFO]: [STDOUT]: [PATCHER]: Method Name: reloadSoundSystem | Desc: ()V
[22:26:04] [Client thread/INFO]: [STDOUT]: [PATCHER]: Method Name: loadSoundSystem | Desc: ()V
[22:26:04] [Client thread/INFO]: [STDOUT]: [PATCHER]: Method Name: getVolume | Desc: (Lnet/minecraft/util/SoundCategory;)F
[22:26:04] [Client thread/INFO]: [STDOUT]: [PATCHER]: Method Name: setVolume | Desc: (Lnet/minecraft/util/SoundCategory;F)V
[22:26:04] [Client thread/INFO]: [STDOUT]: [PATCHER]: Method Name: unloadSoundSystem | Desc: ()V
[22:26:04] [Client thread/INFO]: [STDOUT]: [PATCHER]: Method Name: stopAllSounds | Desc: ()V
[22:26:04] [Client thread/INFO]: [STDOUT]: [PATCHER]: Method Name: addListener | Desc: (Lnet/minecraft/client/audio/ISoundEventListener;)V
[22:26:04] [Client thread/INFO]: [STDOUT]: [PATCHER]: Method Name: removeListener | Desc: (Lnet/minecraft/client/audio/ISoundEventListener;)V
[22:26:04] [Client thread/INFO]: [STDOUT]: [PATCHER]: Method Name: updateAllSounds | Desc: ()V
[22:26:04] [Client thread/INFO]: [STDOUT]: [PATCHER]: Method Name: isSoundPlaying | Desc: (Lnet/minecraft/client/audio/ISound;)Z
[22:26:04] [Client thread/INFO]: [STDOUT]: [PATCHER]: Method Name: stopSound | Desc: (Lnet/minecraft/client/audio/ISound;)V
[22:26:04] [Client thread/INFO]: [STDOUT]: [PATCHER]: Method Name: playSound | Desc: (Lnet/minecraft/client/audio/ISound;)V
[22:26:04] [Client thread/INFO]: [STDOUT]: [PATCHER]: Inside target method: playSound
[22:26:04] [Client thread/INFO]: [STDOUT]: [PATCHER]: Found target method invocation for injection: setVolume
[22:26:04] [Client thread/INFO]: [STDOUT]: [PATCHER]: Patching complete! --------------------------------
[22:26:04] [Client thread/INFO]: [STDOUT]: [PATCHER]: Current Method to Patch: ---> setLastSoundName
[22:26:04] [Client thread/INFO]: [STDOUT]: [PATCHER]: Patching Class: net.minecraft.client.audio.SoundManager
[22:26:04] [Client thread/INFO]: [STDOUT]: [PATCHER]: Method Name: <init> | Desc: (Lnet/minecraft/client/audio/SoundHandler;Lnet/minecraft/client/settings/GameSettings;)V
[22:26:04] [Client thread/INFO]: [STDOUT]: [PATCHER]: Method Name: reloadSoundSystem | Desc: ()V
[22:26:04] [Client thread/INFO]: [STDOUT]: [PATCHER]: Method Name: loadSoundSystem | Desc: ()V
[22:26:04] [Client thread/INFO]: [STDOUT]: [PATCHER]: Method Name: getVolume | Desc: (Lnet/minecraft/util/SoundCategory;)F
[22:26:04] [Client thread/INFO]: [STDOUT]: [PATCHER]: Method Name: setVolume | Desc: (Lnet/minecraft/util/SoundCategory;F)V
[22:26:04] [Client thread/INFO]: [STDOUT]: [PATCHER]: Method Name: unloadSoundSystem | Desc: ()V
[22:26:04] [Client thread/INFO]: [STDOUT]: [PATCHER]: Method Name: stopAllSounds | Desc: ()V
[22:26:04] [Client thread/INFO]: [STDOUT]: [PATCHER]: Method Name: addListener | Desc: (Lnet/minecraft/client/audio/ISoundEventListener;)V
[22:26:04] [Client thread/INFO]: [STDOUT]: [PATCHER]: Method Name: removeListener | Desc: (Lnet/minecraft/client/audio/ISoundEventListener;)V
[22:26:04] [Client thread/INFO]: [STDOUT]: [PATCHER]: Method Name: updateAllSounds | Desc: ()V
[22:26:04] [Client thread/INFO]: [STDOUT]: [PATCHER]: Method Name: isSoundPlaying | Desc: (Lnet/minecraft/client/audio/ISound;)Z
[22:26:04] [Client thread/INFO]: [STDOUT]: [PATCHER]: Method Name: stopSound | Desc: (Lnet/minecraft/client/audio/ISound;)V
[22:26:04] [Client thread/INFO]: [STDOUT]: [PATCHER]: Method Name: playSound | Desc: (Lnet/minecraft/client/audio/ISound;)V
[22:26:04] [Client thread/INFO]: [STDOUT]: [PATCHER]: Inside target method: playSound
[22:26:04] [Client thread/INFO]: [STDOUT]: [PATCHER]: Found target method invocation for injection: setVolume
[22:26:04] [Client thread/INFO]: [STDOUT]: [PATCHER]: Patching complete! --------------------------------
[22:26:04] [Client thread/INFO]: [STDOUT]: [PATCHER]: Current Method to Patch: ---> globalVolumeMultiplier
[22:26:04] [Client thread/INFO]: [STDOUT]: [PATCHER]: Patching Class: net.minecraft.client.audio.SoundManager
[22:26:04] [Client thread/INFO]: [STDOUT]: [PATCHER]: Method Name: <init> | Desc: (Lnet/minecraft/client/audio/SoundHandler;Lnet/minecraft/client/settings/GameSettings;)V
[22:26:04] [Client thread/INFO]: [STDOUT]: [PATCHER]: Method Name: reloadSoundSystem | Desc: ()V
[22:26:04] [Client thread/INFO]: [STDOUT]: [PATCHER]: Method Name: loadSoundSystem | Desc: ()V
[22:26:04] [Client thread/INFO]: [STDOUT]: [PATCHER]: Method Name: getVolume | Desc: (Lnet/minecraft/util/SoundCategory;)F
[22:26:04] [Client thread/INFO]: [STDOUT]: [PATCHER]: Method Name: setVolume | Desc: (Lnet/minecraft/util/SoundCategory;F)V
[22:26:04] [Client thread/INFO]: [STDOUT]: [PATCHER]: Method Name: unloadSoundSystem | Desc: ()V
[22:26:04] [Client thread/INFO]: [STDOUT]: [PATCHER]: Method Name: stopAllSounds | Desc: ()V
[22:26:04] [Client thread/INFO]: [STDOUT]: [PATCHER]: Method Name: addListener | Desc: (Lnet/minecraft/client/audio/ISoundEventListener;)V
[22:26:04] [Client thread/INFO]: [STDOUT]: [PATCHER]: Method Name: removeListener | Desc: (Lnet/minecraft/client/audio/ISoundEventListener;)V
[22:26:04] [Client thread/INFO]: [STDOUT]: [PATCHER]: Method Name: updateAllSounds | Desc: ()V
[22:26:04] [Client thread/INFO]: [STDOUT]: [PATCHER]: Method Name: isSoundPlaying | Desc: (Lnet/minecraft/client/audio/ISound;)Z
[22:26:04] [Client thread/INFO]: [STDOUT]: [PATCHER]: Method Name: stopSound | Desc: (Lnet/minecraft/client/audio/ISound;)V
[22:26:04] [Client thread/INFO]: [STDOUT]: [PATCHER]: Method Name: playSound | Desc: (Lnet/minecraft/client/audio/ISound;)V
[22:26:04] [Client thread/INFO]: [STDOUT]: [PATCHER]: Inside target method: playSound
[22:26:04] [Client thread/INFO]: [STDOUT]: [PATCHER]: Found target method invocation for injection: getClampedVolume
[22:26:04] [Client thread/INFO]: [STDOUT]: [PATCHER]: Patching complete! --------------------------------
[22:26:07] [Sound Library Loader/INFO]: [STDOUT]: [PATCHER]: Current Method to Patch: ---> initialize
[22:26:07] [Sound Library Loader/INFO]: [STDOUT]: [PATCHER]: Patching Class: net.minecraft.client.audio.SoundManager$SoundSystemStarterThread
[22:26:07] [Sound Library Loader/INFO]: [STDOUT]: [PATCHER]: Method Name: <init> | Desc: (Lnet/minecraft/client/audio/SoundManager;)V
[22:26:07] [Sound Library Loader/INFO]: [STDOUT]: [PATCHER]: Inside target method: <init>
[22:26:07] [Sound Library Loader/INFO]: [STDOUT]: [PATCHER]: Found target method invocation for injection: <init>
[22:26:07] [Sound Library Loader/INFO]: [STDOUT]: [PATCHER]: Patching complete! --------------------------------
[22:26:07] [Sound Library Loader/INFO]: Starting up SoundSystem...
[22:26:07] [Thread-6/INFO]: [STDOUT]: [PATCHER]: Current Method to Patch: ---> onPlaySound
[22:26:07] [Thread-6/INFO]: [STDOUT]: [PATCHER]: Patching Class: paulscode.sound.libraries.SourceLWJGLOpenAL
[22:26:07] [Thread-6/INFO]: [STDOUT]: [PATCHER]: Method Name: <init> | Desc: (Ljava/nio/FloatBuffer;Ljava/nio/IntBuffer;ZZZLjava/lang/String;Lpaulscode/sound/FilenameURL;Lpaulscode/sound/SoundBuffer;FFFIFZ)V
[22:26:07] [Thread-6/INFO]: [STDOUT]: [PATCHER]: Method Name: <init> | Desc: (Ljava/nio/FloatBuffer;Ljava/nio/IntBuffer;Lpaulscode/sound/Source;Lpaulscode/sound/SoundBuffer;)V
[22:26:07] [Thread-6/INFO]: [STDOUT]: [PATCHER]: Method Name: <init> | Desc: (Ljava/nio/FloatBuffer;Ljavax/sound/sampled/AudioFormat;ZLjava/lang/String;FFFIF)V
[22:26:07] [Thread-6/INFO]: [STDOUT]: [PATCHER]: Method Name: cleanup | Desc: ()V
[22:26:07] [Thread-6/INFO]: [STDOUT]: [PATCHER]: Method Name: changeSource | Desc: (Ljava/nio/FloatBuffer;Ljava/nio/IntBuffer;ZZZLjava/lang/String;Lpaulscode/sound/FilenameURL;Lpaulscode/sound/SoundBuffer;FFFIFZ)V
[22:26:07] [Thread-6/INFO]: [STDOUT]: [PATCHER]: Method Name: incrementSoundSequence | Desc: ()Z
[22:26:07] [Thread-6/INFO]: [STDOUT]: [PATCHER]: Method Name: listenerMoved | Desc: ()V
[22:26:07] [Thread-6/INFO]: [STDOUT]: [PATCHER]: Method Name: setPosition | Desc: (FFF)V
[22:26:07] [Thread-6/INFO]: [STDOUT]: [PATCHER]: Method Name: positionChanged | Desc: ()V
[22:26:07] [Thread-6/INFO]: [STDOUT]: [PATCHER]: Method Name: checkPitch | Desc: ()V
[22:26:07] [Thread-6/INFO]: [STDOUT]: [PATCHER]: Method Name: setLooping | Desc: (Z)V
[22:26:07] [Thread-6/INFO]: [STDOUT]: [PATCHER]: Method Name: setAttenuation | Desc: (I)V
[22:26:07] [Thread-6/INFO]: [STDOUT]: [PATCHER]: Method Name: setDistOrRoll | Desc: (F)V
[22:26:07] [Thread-6/INFO]: [STDOUT]: [PATCHER]: Method Name: setVelocity | Desc: (FFF)V
[22:26:07] [Thread-6/INFO]: [STDOUT]: [PATCHER]: Method Name: setPitch | Desc: (F)V
[22:26:07] [Thread-6/INFO]: [STDOUT]: [PATCHER]: Method Name: play | Desc: (Lpaulscode/sound/Channel;)V
[22:26:07] [Thread-6/INFO]: [STDOUT]: [PATCHER]: Inside target method: play
[22:26:07] [Thread-6/INFO]: [STDOUT]: [PATCHER]: Found target method invocation for injection: play
[22:26:07] [Thread-6/INFO]: [STDOUT]: [PATCHER]: Patching complete! --------------------------------
[22:26:07] [Thread-6/INFO]: Initializing LWJGL OpenAL
[22:26:07] [Thread-6/INFO]: (The LWJGL binding of OpenAL.  For more information, see http://www.lwjgl.org)
[22:26:07] [Thread-6/INFO]: OpenAL initialized.
[22:26:08] [Sound Library Loader/INFO]: [STDOUT]: [GEOMETRIC ACOUSTICS]: Initializing Geometric Acoustics...
[22:26:08] [Sound Library Loader/INFO]: [STDOUT]: [GEOMETRIC ACOUSTICS]: EFX Extension recognized.
[22:26:08] [Sound Library Loader/INFO]: [STDOUT]: [GEOMETRIC ACOUSTICS]: Reverb parameters setup.
[22:26:08] [Sound Library Loader/INFO]: Sound engine started
[22:26:11] [Client thread/INFO]: Created: 16x16 textures-atlas
[22:26:14] [Client thread/INFO]: Reloading ResourceManager: Default, FMLFileResourcePack:Forge Mod Loader, FMLFileResourcePack:Minecraft Forge, FMLFileResourcePack:Geometric Acoustics
[22:26:14] [Client thread/WARN]: ResourcePack: ignored non-lowercase namespace: Geometric-Acoustics-1.11 in /Users/sachinreddy/Documents/Project_Files/MinecraftMods/Geometric-Acoustics-1.11/run/mods/GeometricAcoustics-1.11.jar
[22:26:14] [Client thread/WARN]: ResourcePack: ignored non-lowercase namespace: Geometric-Acoustics-1.11 in /Users/sachinreddy/Documents/Project_Files/MinecraftMods/Geometric-Acoustics-1.11/run/mods/GeometricAcoustics-1.11.jar
[22:26:14] [Client thread/WARN]: ResourcePack: ignored non-lowercase namespace: Geometric-Acoustics-1.11 in /Users/sachinreddy/Documents/Project_Files/MinecraftMods/Geometric-Acoustics-1.11/run/mods/GeometricAcoustics-1.11.jar
[22:26:16] [Client thread/INFO]: SoundSystem shutting down...
[22:26:17] [Client thread/WARN]: Author: Paul Lamb, www.paulscode.com
[22:26:17] [Sound Library Loader/INFO]: Starting up SoundSystem...
[22:26:17] [Thread-8/INFO]: Initializing LWJGL OpenAL
[22:26:17] [Thread-8/INFO]: (The LWJGL binding of OpenAL.  For more information, see http://www.lwjgl.org)
[22:26:17] [Thread-8/INFO]: OpenAL initialized.
[22:26:17] [Sound Library Loader/INFO]: [STDOUT]: [GEOMETRIC ACOUSTICS]: Initializing Geometric Acoustics...
[22:26:17] [Sound Library Loader/INFO]: [STDOUT]: [GEOMETRIC ACOUSTICS]: EFX Extension recognized.
[22:26:17] [Sound Library Loader/INFO]: [STDOUT]: [GEOMETRIC ACOUSTICS]: Reverb parameters setup.
[22:26:17] [Sound Library Loader/INFO]: Sound engine started
[22:26:21] [Client thread/INFO]: Created: 512x512 textures-atlas
[22:26:22] [Client thread/WARN]: Skipping bad option: lastServer:
[22:26:24] [Realms Notification Availability checker #1/INFO]: Could not authorize you against Realms server: Invalid session id
[22:26:29] [Server thread/INFO]: Starting integrated minecraft server version 1.11
[22:26:29] [Server thread/INFO]: Generating keypair
[22:26:30] [Server thread/INFO]: Preparing start region for level 0
[22:26:31] [Server thread/INFO]: Preparing spawn area: 0%
[22:26:32] [Server thread/INFO]: Preparing spawn area: 42%
[22:26:33] [Server thread/INFO]: Changing view distance to 12, from 10
[22:26:34] [Server thread/INFO]: Player992[local:E:2eacd702] logged in with entity id 294 at (478.5948013622774, 66.0, 514.4227340582288)
[22:26:34] [Server thread/INFO]: Player992 joined the game
[22:26:36] [Server thread/INFO]: Saving and pausing game...
[22:26:36] [Server thread/INFO]: Saving chunks for level 'Test_World'/Overworld
[22:26:37] [pool-2-thread-1/WARN]: Couldn't look up profile properties for com.mojang.authlib.GameProfile@13e6fcee[id=69178f09-9f3d-374e-8ace-5645c6b599d6,name=Player992,properties={},legacy=false]
com.mojang.authlib.exceptions.AuthenticationException: The client has sent too many requests within a certain amount of time
	at com.mojang.authlib.yggdrasil.YggdrasilAuthenticationService.makeRequest(YggdrasilAuthenticationService.java:79) ~[YggdrasilAuthenticationService.class:?]
	at com.mojang.authlib.yggdrasil.YggdrasilMinecraftSessionService.fillGameProfile(YggdrasilMinecraftSessionService.java:180) [YggdrasilMinecraftSessionService.class:?]
	at com.mojang.authlib.yggdrasil.YggdrasilMinecraftSessionService$1.load(YggdrasilMinecraftSessionService.java:60) [YggdrasilMinecraftSessionService$1.class:?]
	at com.mojang.authlib.yggdrasil.YggdrasilMinecraftSessionService$1.load(YggdrasilMinecraftSessionService.java:57) [YggdrasilMinecraftSessionService$1.class:?]
	at com.google.common.cache.LocalCache$LoadingValueReference.loadFuture(LocalCache.java:3524) [guava-17.0.jar:?]
	at com.google.common.cache.LocalCache$Segment.loadSync(LocalCache.java:2317) [guava-17.0.jar:?]
	at com.google.common.cache.LocalCache$Segment.lockedGetOrLoad(LocalCache.java:2280) [guava-17.0.jar:?]
	at com.google.common.cache.LocalCache$Segment.get(LocalCache.java:2195) [guava-17.0.jar:?]
	at com.google.common.cache.LocalCache.get(LocalCache.java:3934) [guava-17.0.jar:?]
	at com.google.common.cache.LocalCache.getOrLoad(LocalCache.java:3938) [guava-17.0.jar:?]
	at com.google.common.cache.LocalCache$LocalLoadingCache.get(LocalCache.java:4821) [guava-17.0.jar:?]
	at com.google.common.cache.LocalCache$LocalLoadingCache.getUnchecked(LocalCache.java:4827) [guava-17.0.jar:?]
	at com.mojang.authlib.yggdrasil.YggdrasilMinecraftSessionService.fillProfileProperties(YggdrasilMinecraftSessionService.java:170) [YggdrasilMinecraftSessionService.class:?]
	at net.minecraft.client.Minecraft.getProfileProperties(Minecraft.java:3054) [Minecraft.class:?]
	at net.minecraft.client.resources.SkinManager$3.run(SkinManager.java:138) [SkinManager$3.class:?]
	at java.util.concurrent.Executors$RunnableAdapter.call(Executors.java:511) [?:1.8.0_221]
	at java.util.concurrent.FutureTask.run(FutureTask.java:266) [?:1.8.0_221]
	at java.util.concurrent.ThreadPoolExecutor.runWorker(ThreadPoolExecutor.java:1149) [?:1.8.0_221]
	at java.util.concurrent.ThreadPoolExecutor$Worker.run(ThreadPoolExecutor.java:624) [?:1.8.0_221]
	at java.lang.Thread.run(Thread.java:748) [?:1.8.0_221]
[22:26:37] [Server thread/INFO]: Saving chunks for level 'Test_World'/Nether
[22:26:37] [Server thread/INFO]: Saving chunks for level 'Test_World'/The End
[22:26:37] [Server thread/WARN]: Can't keep up! Did the system time change, or is the server overloaded? Running 2753ms behind, skipping 55 tick(s)
[22:26:47] [Server thread/INFO]: Saving and pausing game...
[22:26:47] [Server thread/INFO]: Saving chunks for level 'Test_World'/Overworld
[22:26:47] [Server thread/INFO]: Saving chunks for level 'Test_World'/Nether
[22:26:47] [Server thread/INFO]: Saving chunks for level 'Test_World'/The End
[22:29:29] [Server thread/INFO]: Saving and pausing game...
[22:29:29] [Server thread/INFO]: Saving chunks for level 'Test_World'/Overworld
[22:29:29] [Server thread/INFO]: Saving chunks for level 'Test_World'/Nether
[22:29:29] [Server thread/INFO]: Saving chunks for level 'Test_World'/The End
[22:29:29] [Server thread/INFO]: Stopping server
[22:29:29] [Server thread/INFO]: Saving players
[22:29:29] [Server thread/INFO]: Player992 lost connection: TextComponent{text='Disconnected', siblings=[], style=Style{hasParent=false, color=null, bold=null, italic=null, underlined=null, obfuscated=null, clickEvent=null, hoverEvent=null, insertion=null}}
[22:29:29] [Server thread/INFO]: Player992 left the game
[22:29:29] [Server thread/INFO]: Stopping singleplayer server as player logged out
[22:29:29] [Server thread/INFO]: Saving worlds
[22:29:29] [Server thread/INFO]: Saving chunks for level 'Test_World'/Overworld
[22:29:29] [Server thread/INFO]: Saving chunks for level 'Test_World'/Nether
[22:29:29] [Server thread/INFO]: Saving chunks for level 'Test_World'/The End
[22:29:31] [Client thread/INFO]: Stopping!
[22:29:31] [Client thread/INFO]: SoundSystem shutting down...
[22:29:31] [Client thread/WARN]: Author: Paul Lamb, www.paulscode.com
